Flow report for lab10
Tue Mar 21 16:20:41 2017
Quartus Prime Version 16.0.0 Build 211 04/27/2016 SJ Lite Edition


---------------------
; Table of Contents ;
---------------------
  1. Legal Notice
  2. Flow Summary
  3. Flow Settings
  4. Flow Non-Default Global Settings
  5. Flow Elapsed Time
  6. Flow OS Summary
  7. Flow Log
  8. Flow Messages
  9. Flow Suppressed Messages



----------------
; Legal Notice ;
----------------
Copyright (C) 1991-2016 Altera Corporation. All rights reserved.
Your use of Altera Corporation's design tools, logic functions 
and other software and tools, and its AMPP partner logic 
functions, and any output files from any of the foregoing 
(including device programming or simulation files), and any 
associated documentation or information are expressly subject 
to the terms and conditions of the Altera Program License 
Subscription Agreement, the Altera Quartus Prime License Agreement,
the Altera MegaCore Function License Agreement, or other 
applicable license agreement, including, without limitation, 
that your use is for the sole purpose of programming logic 
devices manufactured by Altera and sold by Altera or its 
authorized distributors.  Please refer to the applicable 
agreement for further details.



+-------------------------------------------------------------------------------+
; Flow Summary                                                                  ;
+---------------------------------+---------------------------------------------+
; Flow Status                     ; Successful - Tue Mar 21 16:20:41 2017       ;
; Quartus Prime Version           ; 16.0.0 Build 211 04/27/2016 SJ Lite Edition ;
; Revision Name                   ; lab10                                       ;
; Top-level Entity Name           ; Lab10_top_level_test                        ;
; Family                          ; Cyclone V                                   ;
; Device                          ; 5CSEMA5F31C6                                ;
; Timing Models                   ; Final                                       ;
; Logic utilization (in ALMs)     ; 9 / 32,070 ( < 1 % )                        ;
; Total registers                 ; 0                                           ;
; Total pins                      ; 25 / 457 ( 5 % )                            ;
; Total virtual pins              ; 0                                           ;
; Total block memory bits         ; 0 / 4,065,280 ( 0 % )                       ;
; Total DSP Blocks                ; 0 / 87 ( 0 % )                              ;
; Total HSSI RX PCSs              ; 0                                           ;
; Total HSSI PMA RX Deserializers ; 0                                           ;
; Total HSSI TX PCSs              ; 0                                           ;
; Total HSSI PMA TX Serializers   ; 0                                           ;
; Total PLLs                      ; 0 / 6 ( 0 % )                               ;
; Total DLLs                      ; 0 / 4 ( 0 % )                               ;
+---------------------------------+---------------------------------------------+


+-----------------------------------------+
; Flow Settings                           ;
+-------------------+---------------------+
; Option            ; Setting             ;
+-------------------+---------------------+
; Start date & time ; 03/21/2017 16:18:43 ;
; Main task         ; Compilation         ;
; Revision Name     ; lab10               ;
+-------------------+---------------------+


+-------------------------------------------------------------------------------------------------------------------------------------+
; Flow Non-Default Global Settings                                                                                                    ;
+-------------------------------------+---------------------------------------+---------------+----------------------+----------------+
; Assignment Name                     ; Value                                 ; Default Value ; Entity Name          ; Section Id     ;
+-------------------------------------+---------------------------------------+---------------+----------------------+----------------+
; COMPILER_SIGNATURE_ID               ; 26833625373357.149012752210732        ; --            ; --                   ; --             ;
; EDA_OUTPUT_DATA_FORMAT              ; Verilog Hdl                           ; --            ; --                   ; eda_simulation ;
; EDA_SIMULATION_TOOL                 ; ModelSim-Altera (Verilog)             ; <None>        ; --                   ; --             ;
; EDA_TIME_SCALE                      ; 1 ps                                  ; --            ; --                   ; eda_simulation ;
; MAX_CORE_JUNCTION_TEMP              ; 85                                    ; --            ; --                   ; --             ;
; MIN_CORE_JUNCTION_TEMP              ; 0                                     ; --            ; --                   ; --             ;
; PARTITION_COLOR                     ; 16764057                              ; --            ; Lab10_top_level_test ; Top            ;
; PARTITION_FITTER_PRESERVATION_LEVEL ; PLACEMENT_AND_ROUTING                 ; --            ; Lab10_top_level_test ; Top            ;
; PARTITION_NETLIST_TYPE              ; SOURCE                                ; --            ; Lab10_top_level_test ; Top            ;
; POWER_BOARD_THERMAL_MODEL           ; None (CONSERVATIVE)                   ; --            ; --                   ; --             ;
; POWER_PRESET_COOLING_SOLUTION       ; 23 MM HEAT SINK WITH 200 LFPM AIRFLOW ; --            ; --                   ; --             ;
; PROJECT_OUTPUT_DIRECTORY            ; output_files                          ; --            ; --                   ; --             ;
; TOP_LEVEL_ENTITY                    ; Lab10_top_level_test                  ; lab10         ; --                   ; --             ;
+-------------------------------------+---------------------------------------+---------------+----------------------+----------------+


+-------------------------------------------------------------------------------------------------------------------------------+
; Flow Elapsed Time                                                                                                             ;
+---------------------------+--------------+-------------------------+---------------------+------------------------------------+
; Module Name               ; Elapsed Time ; Average Processors Used ; Peak Virtual Memory ; Total CPU Time (on all processors) ;
+---------------------------+--------------+-------------------------+---------------------+------------------------------------+
; Analysis & Synthesis      ; 00:00:27     ; 1.0                     ; 949 MB              ; 00:00:43                           ;
; Fitter                    ; 00:01:04     ; 1.0                     ; 2187 MB             ; 00:01:11                           ;
; Assembler                 ; 00:00:12     ; 1.0                     ; 916 MB              ; 00:00:09                           ;
; TimeQuest Timing Analyzer ; 00:00:08     ; 1.0                     ; 1153 MB             ; 00:00:07                           ;
; EDA Netlist Writer        ; 00:00:01     ; 1.0                     ; 818 MB              ; 00:00:02                           ;
; Total                     ; 00:01:52     ; --                      ; --                  ; 00:02:12                           ;
+---------------------------+--------------+-------------------------+---------------------+------------------------------------+


+----------------------------------------------------------------------------------------+
; Flow OS Summary                                                                        ;
+---------------------------+------------------+-----------+------------+----------------+
; Module Name               ; Machine Hostname ; OS Name   ; OS Version ; Processor type ;
+---------------------------+------------------+-----------+------------+----------------+
; Analysis & Synthesis      ; Moose-Laptop     ; Windows 8 ; 6.2        ; x86_64         ;
; Fitter                    ; Moose-Laptop     ; Windows 8 ; 6.2        ; x86_64         ;
; Assembler                 ; Moose-Laptop     ; Windows 8 ; 6.2        ; x86_64         ;
; TimeQuest Timing Analyzer ; Moose-Laptop     ; Windows 8 ; 6.2        ; x86_64         ;
; EDA Netlist Writer        ; Moose-Laptop     ; Windows 8 ; 6.2        ; x86_64         ;
+---------------------------+------------------+-----------+------------+----------------+


------------
; Flow Log ;
------------
quartus_map --read_settings_files=on --write_settings_files=off lab10 -c lab10
quartus_fit --read_settings_files=off --write_settings_files=off lab10 -c lab10
quartus_asm --read_settings_files=off --write_settings_files=off lab10 -c lab10
quartus_sta lab10 -c lab10
quartus_eda --read_settings_files=off --write_settings_files=off lab10 -c lab10



