Analysis & Synthesis report for pingpong
Wed Mar 22 14:53:00 2017
Quartus Prime Version 16.0.0 Build 211 04/27/2016 SJ Lite Edition


---------------------
; Table of Contents ;
---------------------
  1. Legal Notice
  2. Analysis & Synthesis Summary
  3. Analysis & Synthesis Settings
  4. Parallel Compilation
  5. Analysis & Synthesis Source Files Read
  6. Analysis & Synthesis Resource Usage Summary
  7. Analysis & Synthesis Resource Utilization by Entity
  8. General Register Statistics
  9. Inverted Register Statistics
 10. Parameter Settings for User Entity Instance: clock_divider:clk_div
 11. Parameter Settings for User Entity Instance: counter:spec_counter
 12. Port Connectivity Checks: "clock_divider:clk_div"
 13. Post-Synthesis Netlist Statistics for Top Partition
 14. Elapsed Time Per Partition
 15. Analysis & Synthesis Messages



----------------
; Legal Notice ;
----------------
Copyright (C) 1991-2016 Altera Corporation. All rights reserved.
Your use of Altera Corporation's design tools, logic functions 
and other software and tools, and its AMPP partner logic 
functions, and any output files from any of the foregoing 
(including device programming or simulation files), and any 
associated documentation or information are expressly subject 
to the terms and conditions of the Altera Program License 
Subscription Agreement, the Altera Quartus Prime License Agreement,
the Altera MegaCore Function License Agreement, or other 
applicable license agreement, including, without limitation, 
that your use is for the sole purpose of programming logic 
devices manufactured by Altera and sold by Altera or its 
authorized distributors.  Please refer to the applicable 
agreement for further details.



+-------------------------------------------------------------------------------+
; Analysis & Synthesis Summary                                                  ;
+---------------------------------+---------------------------------------------+
; Analysis & Synthesis Status     ; Successful - Wed Mar 22 14:53:00 2017       ;
; Quartus Prime Version           ; 16.0.0 Build 211 04/27/2016 SJ Lite Edition ;
; Revision Name                   ; pingpong                                    ;
; Top-level Entity Name           ; ledPong                                     ;
; Family                          ; Cyclone V                                   ;
; Logic utilization (in ALMs)     ; N/A                                         ;
; Total registers                 ; 58                                          ;
; Total pins                      ; 28                                          ;
; Total virtual pins              ; 0                                           ;
; Total block memory bits         ; 0                                           ;
; Total DSP Blocks                ; 0                                           ;
; Total HSSI RX PCSs              ; 0                                           ;
; Total HSSI PMA RX Deserializers ; 0                                           ;
; Total HSSI TX PCSs              ; 0                                           ;
; Total HSSI PMA TX Serializers   ; 0                                           ;
; Total PLLs                      ; 0                                           ;
; Total DLLs                      ; 0                                           ;
+---------------------------------+---------------------------------------------+


+---------------------------------------------------------------------------------------------------------------------------+
; Analysis & Synthesis Settings                                                                                             ;
+---------------------------------------------------------------------------------+--------------------+--------------------+
; Option                                                                          ; Setting            ; Default Value      ;
+---------------------------------------------------------------------------------+--------------------+--------------------+
; Device                                                                          ; 5CSEMA5F31C6       ;                    ;
; Top-level entity name                                                           ; ledPong            ; pingpong           ;
; Family name                                                                     ; Cyclone V          ; Cyclone V          ;
; Use smart compilation                                                           ; Off                ; Off                ;
; Enable parallel Assembler and TimeQuest Timing Analyzer during compilation      ; On                 ; On                 ;
; Enable compact report table                                                     ; Off                ; Off                ;
; Restructure Multiplexers                                                        ; Auto               ; Auto               ;
; MLAB Add Timing Constraints For Mixed-Port Feed-Through Mode Setting Don't Care ; Off                ; Off                ;
; Create Debugging Nodes for IP Cores                                             ; Off                ; Off                ;
; Preserve fewer node names                                                       ; On                 ; On                 ;
; Disable OpenCore Plus hardware evaluation                                       ; Off                ; Off                ;
; Verilog Version                                                                 ; Verilog_2001       ; Verilog_2001       ;
; VHDL Version                                                                    ; VHDL_1993          ; VHDL_1993          ;
; State Machine Processing                                                        ; Auto               ; Auto               ;
; Safe State Machine                                                              ; Off                ; Off                ;
; Extract Verilog State Machines                                                  ; On                 ; On                 ;
; Extract VHDL State Machines                                                     ; On                 ; On                 ;
; Ignore Verilog initial constructs                                               ; Off                ; Off                ;
; Iteration limit for constant Verilog loops                                      ; 5000               ; 5000               ;
; Iteration limit for non-constant Verilog loops                                  ; 250                ; 250                ;
; Add Pass-Through Logic to Inferred RAMs                                         ; On                 ; On                 ;
; Infer RAMs from Raw Logic                                                       ; On                 ; On                 ;
; Parallel Synthesis                                                              ; On                 ; On                 ;
; DSP Block Balancing                                                             ; Auto               ; Auto               ;
; NOT Gate Push-Back                                                              ; On                 ; On                 ;
; Power-Up Don't Care                                                             ; On                 ; On                 ;
; Remove Redundant Logic Cells                                                    ; Off                ; Off                ;
; Remove Duplicate Registers                                                      ; On                 ; On                 ;
; Ignore CARRY Buffers                                                            ; Off                ; Off                ;
; Ignore CASCADE Buffers                                                          ; Off                ; Off                ;
; Ignore GLOBAL Buffers                                                           ; Off                ; Off                ;
; Ignore ROW GLOBAL Buffers                                                       ; Off                ; Off                ;
; Ignore LCELL Buffers                                                            ; Off                ; Off                ;
; Ignore SOFT Buffers                                                             ; On                 ; On                 ;
; Limit AHDL Integers to 32 Bits                                                  ; Off                ; Off                ;
; Optimization Technique                                                          ; Balanced           ; Balanced           ;
; Carry Chain Length                                                              ; 70                 ; 70                 ;
; Auto Carry Chains                                                               ; On                 ; On                 ;
; Auto Open-Drain Pins                                                            ; On                 ; On                 ;
; Perform WYSIWYG Primitive Resynthesis                                           ; Off                ; Off                ;
; Auto ROM Replacement                                                            ; On                 ; On                 ;
; Auto RAM Replacement                                                            ; On                 ; On                 ;
; Auto DSP Block Replacement                                                      ; On                 ; On                 ;
; Auto Shift Register Replacement                                                 ; Auto               ; Auto               ;
; Allow Shift Register Merging across Hierarchies                                 ; Auto               ; Auto               ;
; Auto Clock Enable Replacement                                                   ; On                 ; On                 ;
; Strict RAM Replacement                                                          ; Off                ; Off                ;
; Allow Synchronous Control Signals                                               ; On                 ; On                 ;
; Force Use of Synchronous Clear Signals                                          ; Off                ; Off                ;
; Auto Resource Sharing                                                           ; Off                ; Off                ;
; Allow Any RAM Size For Recognition                                              ; Off                ; Off                ;
; Allow Any ROM Size For Recognition                                              ; Off                ; Off                ;
; Allow Any Shift Register Size For Recognition                                   ; Off                ; Off                ;
; Use LogicLock Constraints during Resource Balancing                             ; On                 ; On                 ;
; Ignore translate_off and synthesis_off directives                               ; Off                ; Off                ;
; Timing-Driven Synthesis                                                         ; On                 ; On                 ;
; Report Parameter Settings                                                       ; On                 ; On                 ;
; Report Source Assignments                                                       ; On                 ; On                 ;
; Report Connectivity Checks                                                      ; On                 ; On                 ;
; Ignore Maximum Fan-Out Assignments                                              ; Off                ; Off                ;
; Synchronization Register Chain Length                                           ; 3                  ; 3                  ;
; PowerPlay Power Optimization During Synthesis                                   ; Normal compilation ; Normal compilation ;
; HDL message level                                                               ; Level2             ; Level2             ;
; Suppress Register Optimization Related Messages                                 ; Off                ; Off                ;
; Number of Removed Registers Reported in Synthesis Report                        ; 5000               ; 5000               ;
; Number of Swept Nodes Reported in Synthesis Report                              ; 5000               ; 5000               ;
; Number of Inverted Registers Reported in Synthesis Report                       ; 100                ; 100                ;
; Clock MUX Protection                                                            ; On                 ; On                 ;
; Auto Gated Clock Conversion                                                     ; Off                ; Off                ;
; Block Design Naming                                                             ; Auto               ; Auto               ;
; SDC constraint protection                                                       ; Off                ; Off                ;
; Synthesis Effort                                                                ; Auto               ; Auto               ;
; Shift Register Replacement - Allow Asynchronous Clear Signal                    ; On                 ; On                 ;
; Pre-Mapping Resynthesis Optimization                                            ; Off                ; Off                ;
; Analysis & Synthesis Message Level                                              ; Medium             ; Medium             ;
; Disable Register Merging Across Hierarchies                                     ; Auto               ; Auto               ;
; Resource Aware Inference For Block RAM                                          ; On                 ; On                 ;
; Synthesis Seed                                                                  ; 1                  ; 1                  ;
; Automatic Parallel Synthesis                                                    ; On                 ; On                 ;
; Partial Reconfiguration Bitstream ID                                            ; Off                ; Off                ;
+---------------------------------------------------------------------------------+--------------------+--------------------+


Parallel compilation was disabled, but you have multiple processors available. Enable parallel compilation to reduce compilation time.
+-------------------------------------+
; Parallel Compilation                ;
+----------------------------+--------+
; Processors                 ; Number ;
+----------------------------+--------+
; Number detected on machine ; 4      ;
; Maximum allowed            ; 1      ;
+----------------------------+--------+


+-----------------------------------------------------------------------------------------------------------------------------------------------------------------+
; Analysis & Synthesis Source Files Read                                                                                                                          ;
+----------------------------------+-----------------+-----------------+--------------------------------------------------------------------------------+---------+
; File Name with User-Entered Path ; Used in Netlist ; File Type       ; File Name with Absolute Path                                                   ; Library ;
+----------------------------------+-----------------+-----------------+--------------------------------------------------------------------------------+---------+
; seven_seg_decoder.vhd            ; yes             ; User VHDL File  ; C:/Users/Moose/OneDrive/School/Winter 2017/ECSE 222/lab2/seven_seg_decoder.vhd ;         ;
; score_keeper.vhd                 ; yes             ; User VHDL File  ; C:/Users/Moose/OneDrive/School/Winter 2017/ECSE 222/lab2/score_keeper.vhd      ;         ;
; led_decoder.vhd                  ; yes             ; User VHDL File  ; C:/Users/Moose/OneDrive/School/Winter 2017/ECSE 222/lab2/led_decoder.vhd       ;         ;
; counter.vhd                      ; yes             ; User VHDL File  ; C:/Users/Moose/OneDrive/School/Winter 2017/ECSE 222/lab2/counter.vhd           ;         ;
; clock_divider.vhd                ; yes             ; User VHDL File  ; C:/Users/Moose/OneDrive/School/Winter 2017/ECSE 222/lab2/clock_divider.vhd     ;         ;
; ledPong.vhd                      ; yes             ; User VHDL File  ; C:/Users/Moose/OneDrive/School/Winter 2017/ECSE 222/lab2/ledPong.vhd           ;         ;
+----------------------------------+-----------------+-----------------+--------------------------------------------------------------------------------+---------+


+---------------------------------------------------------+
; Analysis & Synthesis Resource Usage Summary             ;
+---------------------------------------------+-----------+
; Resource                                    ; Usage     ;
+---------------------------------------------+-----------+
; Estimate of Logic utilization (ALMs needed) ; 48        ;
;                                             ;           ;
; Combinational ALUT usage for logic          ; 80        ;
;     -- 7 input functions                    ; 0         ;
;     -- 6 input functions                    ; 13        ;
;     -- 5 input functions                    ; 6         ;
;     -- 4 input functions                    ; 26        ;
;     -- <=3 input functions                  ; 35        ;
;                                             ;           ;
; Dedicated logic registers                   ; 58        ;
;                                             ;           ;
; I/O pins                                    ; 28        ;
;                                             ;           ;
; Total DSP Blocks                            ; 0         ;
;                                             ;           ;
; Maximum fan-out node                        ; clk~input ;
; Maximum fan-out                             ; 33        ;
; Total fan-out                               ; 506       ;
; Average fan-out                             ; 2.61      ;
+---------------------------------------------+-----------+


+----------------------------------------------------------------------------------------------------------------------------------------------------------------------------------------------------------------+
; Analysis & Synthesis Resource Utilization by Entity                                                                                                                                                            ;
+---------------------------------------+-------------------+--------------+-------------------+------------+------+--------------+-------------------------------------------+-------------------+--------------+
; Compilation Hierarchy Node            ; LC Combinationals ; LC Registers ; Block Memory Bits ; DSP Blocks ; Pins ; Virtual Pins ; Full Hierarchy Name                       ; Entity Name       ; Library Name ;
+---------------------------------------+-------------------+--------------+-------------------+------------+------+--------------+-------------------------------------------+-------------------+--------------+
; |ledPong                              ; 80 (0)            ; 58 (0)       ; 0                 ; 0          ; 28   ; 0            ; |ledPong                                  ; ledPong           ; work         ;
;    |clock_divider:clk_div|            ; 43 (43)           ; 33 (33)      ; 0                 ; 0          ; 0    ; 0            ; |ledPong|clock_divider:clk_div            ; clock_divider     ; work         ;
;    |counter:spec_counter|             ; 5 (5)             ; 9 (9)        ; 0                 ; 0          ; 0    ; 0            ; |ledPong|counter:spec_counter             ; counter           ; work         ;
;    |led_decoder:led_dec_inst|         ; 8 (8)             ; 0 (0)        ; 0                 ; 0          ; 0    ; 0            ; |ledPong|led_decoder:led_dec_inst         ; led_decoder       ; work         ;
;    |score_keeper:score_keeper_module| ; 10 (10)           ; 16 (16)      ; 0                 ; 0          ; 0    ; 0            ; |ledPong|score_keeper:score_keeper_module ; score_keeper      ; work         ;
;    |seven_seg_decoder:score_left|     ; 7 (7)             ; 0 (0)        ; 0                 ; 0          ; 0    ; 0            ; |ledPong|seven_seg_decoder:score_left     ; seven_seg_decoder ; work         ;
;    |seven_seg_decoder:score_right|    ; 7 (7)             ; 0 (0)        ; 0                 ; 0          ; 0    ; 0            ; |ledPong|seven_seg_decoder:score_right    ; seven_seg_decoder ; work         ;
+---------------------------------------+-------------------+--------------+-------------------+------------+------+--------------+-------------------------------------------+-------------------+--------------+
Note: For table entries with two numbers listed, the numbers in parentheses indicate the number of resources of the given type used by the specific entity alone. The numbers listed outside of parentheses indicate the total resources of the given type used by the specific entity and all of its sub-entities in the hierarchy.


+------------------------------------------------------+
; General Register Statistics                          ;
+----------------------------------------------+-------+
; Statistic                                    ; Value ;
+----------------------------------------------+-------+
; Total registers                              ; 58    ;
; Number of registers using Synchronous Clear  ; 32    ;
; Number of registers using Synchronous Load   ; 0     ;
; Number of registers using Asynchronous Clear ; 13    ;
; Number of registers using Asynchronous Load  ; 0     ;
; Number of registers using Clock Enable       ; 12    ;
; Number of registers using Preset             ; 0     ;
+----------------------------------------------+-------+


+--------------------------------------------------+
; Inverted Register Statistics                     ;
+----------------------------------------+---------+
; Inverted Register                      ; Fan out ;
+----------------------------------------+---------+
; counter:spec_counter|count_up          ; 4       ;
; Total number of inverted registers = 1 ;         ;
+----------------------------------------+---------+


+--------------------------------------------------------------------+
; Parameter Settings for User Entity Instance: clock_divider:clk_div ;
+----------------+---------+-----------------------------------------+
; Parameter Name ; Value   ; Type                                    ;
+----------------+---------+-----------------------------------------+
; slow_factor    ; 1000000 ; Signed Integer                          ;
+----------------+---------+-----------------------------------------+
Note: In order to hide this table in the UI and the text report file, please set the "Show Parameter Settings in Synthesis Report" option in "Analysis and Synthesis Settings -> More Settings" to "Off".


+-------------------------------------------------------------------+
; Parameter Settings for User Entity Instance: counter:spec_counter ;
+----------------+-------+------------------------------------------+
; Parameter Name ; Value ; Type                                     ;
+----------------+-------+------------------------------------------+
; maximum        ; 1001  ; Unsigned Binary                          ;
+----------------+-------+------------------------------------------+
Note: In order to hide this table in the UI and the text report file, please set the "Show Parameter Settings in Synthesis Report" option in "Analysis and Synthesis Settings -> More Settings" to "Off".


+------------------------------------------------------------------------------------------------------------------------------------------------------------------------+
; Port Connectivity Checks: "clock_divider:clk_div"                                                                                                                      ;
+------+-------+----------+----------------------------------------------------------------------------------------------------------------------------------------------+
; Port ; Type  ; Severity ; Details                                                                                                                                      ;
+------+-------+----------+----------------------------------------------------------------------------------------------------------------------------------------------+
; rst  ; Input ; Warning  ; Declared by entity but not connected by instance. If a default value exists, it will be used.  Otherwise, the port will be connected to GND. ;
+------+-------+----------+----------------------------------------------------------------------------------------------------------------------------------------------+


+-----------------------------------------------------+
; Post-Synthesis Netlist Statistics for Top Partition ;
+-----------------------+-----------------------------+
; Type                  ; Count                       ;
+-----------------------+-----------------------------+
; arriav_ff             ; 58                          ;
;     CLR               ; 13                          ;
;     ENA               ; 12                          ;
;     SCLR              ; 32                          ;
;     plain             ; 1                           ;
; arriav_lcell_comb     ; 82                          ;
;     arith             ; 32                          ;
;         1 data inputs ; 32                          ;
;     normal            ; 50                          ;
;         1 data inputs ; 3                           ;
;         2 data inputs ; 1                           ;
;         3 data inputs ; 1                           ;
;         4 data inputs ; 26                          ;
;         5 data inputs ; 6                           ;
;         6 data inputs ; 13                          ;
; boundary_port         ; 28                          ;
;                       ;                             ;
; Max LUT depth         ; 6.60                        ;
; Average LUT depth     ; 3.86                        ;
+-----------------------+-----------------------------+


+-------------------------------+
; Elapsed Time Per Partition    ;
+----------------+--------------+
; Partition Name ; Elapsed Time ;
+----------------+--------------+
; Top            ; 00:00:01     ;
+----------------+--------------+


+-------------------------------+
; Analysis & Synthesis Messages ;
+-------------------------------+
Info: *******************************************************************
Info: Running Quartus Prime Analysis & Synthesis
    Info: Version 16.0.0 Build 211 04/27/2016 SJ Lite Edition
    Info: Processing started: Wed Mar 22 14:52:28 2017
Info: Command: quartus_map --read_settings_files=on --write_settings_files=off pingpong -c pingpong
Warning (20028): Parallel compilation is not licensed and has been disabled
Info (12021): Found 2 design units, including 1 entities, in source file seven_seg_decoder.vhd
    Info (12022): Found design unit 1: seven_seg_decoder-behaviour File: C:/Users/Moose/OneDrive/School/Winter 2017/ECSE 222/lab2/seven_seg_decoder.vhd Line: 11
    Info (12023): Found entity 1: seven_seg_decoder File: C:/Users/Moose/OneDrive/School/Winter 2017/ECSE 222/lab2/seven_seg_decoder.vhd Line: 4
Info (12021): Found 2 design units, including 1 entities, in source file score_keeper.vhd
    Info (12022): Found design unit 1: score_keeper-behavior File: C:/Users/Moose/OneDrive/School/Winter 2017/ECSE 222/lab2/score_keeper.vhd Line: 18
    Info (12023): Found entity 1: score_keeper File: C:/Users/Moose/OneDrive/School/Winter 2017/ECSE 222/lab2/score_keeper.vhd Line: 6
Info (12021): Found 2 design units, including 1 entities, in source file led_decoder.vhd
    Info (12022): Found design unit 1: led_decoder-behaviour File: C:/Users/Moose/OneDrive/School/Winter 2017/ECSE 222/lab2/led_decoder.vhd Line: 13
    Info (12023): Found entity 1: led_decoder File: C:/Users/Moose/OneDrive/School/Winter 2017/ECSE 222/lab2/led_decoder.vhd Line: 6
Info (12021): Found 2 design units, including 1 entities, in source file counter.vhd
    Info (12022): Found design unit 1: counter-behaviour File: C:/Users/Moose/OneDrive/School/Winter 2017/ECSE 222/lab2/counter.vhd Line: 17
    Info (12023): Found entity 1: counter File: C:/Users/Moose/OneDrive/School/Winter 2017/ECSE 222/lab2/counter.vhd Line: 6
Info (12021): Found 2 design units, including 1 entities, in source file clock_divider.vhd
    Info (12022): Found design unit 1: clock_divider-behavior File: C:/Users/Moose/OneDrive/School/Winter 2017/ECSE 222/lab2/clock_divider.vhd Line: 15
    Info (12023): Found entity 1: clock_divider File: C:/Users/Moose/OneDrive/School/Winter 2017/ECSE 222/lab2/clock_divider.vhd Line: 6
Info (12021): Found 2 design units, including 1 entities, in source file ledpong.vhd
    Info (12022): Found design unit 1: ledPong-behaviour File: C:/Users/Moose/OneDrive/School/Winter 2017/ECSE 222/lab2/ledPong.vhd Line: 16
    Info (12023): Found entity 1: ledPong File: C:/Users/Moose/OneDrive/School/Winter 2017/ECSE 222/lab2/ledPong.vhd Line: 4
Info (12127): Elaborating entity "ledPong" for the top level hierarchy
Info (12128): Elaborating entity "clock_divider" for hierarchy "clock_divider:clk_div" File: C:/Users/Moose/OneDrive/School/Winter 2017/ECSE 222/lab2/ledPong.vhd Line: 66
Warning (10492): VHDL Process Statement warning at clock_divider.vhd(22): signal "rst" is read inside the Process Statement but isn't in the Process Statement's sensitivity list File: C:/Users/Moose/OneDrive/School/Winter 2017/ECSE 222/lab2/clock_divider.vhd Line: 22
Info (12128): Elaborating entity "counter" for hierarchy "counter:spec_counter" File: C:/Users/Moose/OneDrive/School/Winter 2017/ECSE 222/lab2/ledPong.vhd Line: 72
Info (12128): Elaborating entity "led_decoder" for hierarchy "led_decoder:led_dec_inst" File: C:/Users/Moose/OneDrive/School/Winter 2017/ECSE 222/lab2/ledPong.vhd Line: 79
Info (12128): Elaborating entity "seven_seg_decoder" for hierarchy "seven_seg_decoder:score_left" File: C:/Users/Moose/OneDrive/School/Winter 2017/ECSE 222/lab2/ledPong.vhd Line: 84
Info (12128): Elaborating entity "score_keeper" for hierarchy "score_keeper:score_keeper_module" File: C:/Users/Moose/OneDrive/School/Winter 2017/ECSE 222/lab2/ledPong.vhd Line: 96
Warning (12241): 1 hierarchies have connectivity warnings - see the Connectivity Checks report folder
Info (286030): Timing-Driven Synthesis is running
Info (16010): Generating hard_block partition "hard_block:auto_generated_inst"
    Info (16011): Adding 0 node(s), including 0 DDIO, 0 PLL, 0 transceiver and 0 LCELL
Info (21057): Implemented 160 device resources after synthesis - the final resource count might be different
    Info (21058): Implemented 4 input pins
    Info (21059): Implemented 24 output pins
    Info (21061): Implemented 132 logic cells
Info: Quartus Prime Analysis & Synthesis was successful. 0 errors, 3 warnings
    Info: Peak virtual memory: 943 megabytes
    Info: Processing ended: Wed Mar 22 14:53:00 2017
    Info: Elapsed time: 00:00:32
    Info: Total CPU time (on all processors): 00:00:46


